ARM GAS  /tmp/cc3HegYr.s 			page 1


   1              		.cpu cortex-m4
   2              		.eabi_attribute 27, 1
   3              		.eabi_attribute 28, 1
   4              		.eabi_attribute 20, 1
   5              		.eabi_attribute 21, 1
   6              		.eabi_attribute 23, 3
   7              		.eabi_attribute 24, 1
   8              		.eabi_attribute 25, 1
   9              		.eabi_attribute 26, 1
  10              		.eabi_attribute 30, 1
  11              		.eabi_attribute 34, 1
  12              		.eabi_attribute 18, 4
  13              		.file	"stm32f3xx_hal_msp.c"
  14              		.text
  15              	.Ltext0:
  16              		.cfi_sections	.debug_frame
  17              		.section	.text.HAL_MspInit,"ax",%progbits
  18              		.align	1
  19              		.global	HAL_MspInit
  20              		.arch armv7e-m
  21              		.syntax unified
  22              		.thumb
  23              		.thumb_func
  24              		.fpu fpv4-sp-d16
  26              	HAL_MspInit:
  27              	.LFB130:
  28              		.file 1 "Src/stm32f3xx_hal_msp.c"
   1:Src/stm32f3xx_hal_msp.c **** /* USER CODE BEGIN Header */
   2:Src/stm32f3xx_hal_msp.c **** /**
   3:Src/stm32f3xx_hal_msp.c ****   ******************************************************************************
   4:Src/stm32f3xx_hal_msp.c ****   * File Name          : stm32f3xx_hal_msp.c
   5:Src/stm32f3xx_hal_msp.c ****   * Description        : This file provides code for the MSP Initialization 
   6:Src/stm32f3xx_hal_msp.c ****   *                      and de-Initialization codes.
   7:Src/stm32f3xx_hal_msp.c ****   ******************************************************************************
   8:Src/stm32f3xx_hal_msp.c ****   * @attention
   9:Src/stm32f3xx_hal_msp.c ****   *
  10:Src/stm32f3xx_hal_msp.c ****   * <h2><center>&copy; Copyright (c) 2020 STMicroelectronics.
  11:Src/stm32f3xx_hal_msp.c ****   * All rights reserved.</center></h2>
  12:Src/stm32f3xx_hal_msp.c ****   *
  13:Src/stm32f3xx_hal_msp.c ****   * This software component is licensed by ST under Ultimate Liberty license
  14:Src/stm32f3xx_hal_msp.c ****   * SLA0044, the "License"; You may not use this file except in compliance with
  15:Src/stm32f3xx_hal_msp.c ****   * the License. You may obtain a copy of the License at:
  16:Src/stm32f3xx_hal_msp.c ****   *                             www.st.com/SLA0044
  17:Src/stm32f3xx_hal_msp.c ****   *
  18:Src/stm32f3xx_hal_msp.c ****   ******************************************************************************
  19:Src/stm32f3xx_hal_msp.c ****   */
  20:Src/stm32f3xx_hal_msp.c **** /* USER CODE END Header */
  21:Src/stm32f3xx_hal_msp.c **** 
  22:Src/stm32f3xx_hal_msp.c **** /* Includes ------------------------------------------------------------------*/
  23:Src/stm32f3xx_hal_msp.c **** #include "main.h"
  24:Src/stm32f3xx_hal_msp.c **** /* USER CODE BEGIN Includes */
  25:Src/stm32f3xx_hal_msp.c **** 
  26:Src/stm32f3xx_hal_msp.c **** /* USER CODE END Includes */
  27:Src/stm32f3xx_hal_msp.c **** 
  28:Src/stm32f3xx_hal_msp.c **** /* Private typedef -----------------------------------------------------------*/
  29:Src/stm32f3xx_hal_msp.c **** /* USER CODE BEGIN TD */
  30:Src/stm32f3xx_hal_msp.c **** 
ARM GAS  /tmp/cc3HegYr.s 			page 2


  31:Src/stm32f3xx_hal_msp.c **** /* USER CODE END TD */
  32:Src/stm32f3xx_hal_msp.c **** 
  33:Src/stm32f3xx_hal_msp.c **** /* Private define ------------------------------------------------------------*/
  34:Src/stm32f3xx_hal_msp.c **** /* USER CODE BEGIN Define */
  35:Src/stm32f3xx_hal_msp.c ****  
  36:Src/stm32f3xx_hal_msp.c **** /* USER CODE END Define */
  37:Src/stm32f3xx_hal_msp.c **** 
  38:Src/stm32f3xx_hal_msp.c **** /* Private macro -------------------------------------------------------------*/
  39:Src/stm32f3xx_hal_msp.c **** /* USER CODE BEGIN Macro */
  40:Src/stm32f3xx_hal_msp.c **** 
  41:Src/stm32f3xx_hal_msp.c **** /* USER CODE END Macro */
  42:Src/stm32f3xx_hal_msp.c **** 
  43:Src/stm32f3xx_hal_msp.c **** /* Private variables ---------------------------------------------------------*/
  44:Src/stm32f3xx_hal_msp.c **** /* USER CODE BEGIN PV */
  45:Src/stm32f3xx_hal_msp.c **** 
  46:Src/stm32f3xx_hal_msp.c **** /* USER CODE END PV */
  47:Src/stm32f3xx_hal_msp.c **** 
  48:Src/stm32f3xx_hal_msp.c **** /* Private function prototypes -----------------------------------------------*/
  49:Src/stm32f3xx_hal_msp.c **** /* USER CODE BEGIN PFP */
  50:Src/stm32f3xx_hal_msp.c **** 
  51:Src/stm32f3xx_hal_msp.c **** /* USER CODE END PFP */
  52:Src/stm32f3xx_hal_msp.c **** 
  53:Src/stm32f3xx_hal_msp.c **** /* External functions --------------------------------------------------------*/
  54:Src/stm32f3xx_hal_msp.c **** /* USER CODE BEGIN ExternalFunctions */
  55:Src/stm32f3xx_hal_msp.c **** 
  56:Src/stm32f3xx_hal_msp.c **** /* USER CODE END ExternalFunctions */
  57:Src/stm32f3xx_hal_msp.c **** 
  58:Src/stm32f3xx_hal_msp.c **** /* USER CODE BEGIN 0 */
  59:Src/stm32f3xx_hal_msp.c **** 
  60:Src/stm32f3xx_hal_msp.c **** /* USER CODE END 0 */
  61:Src/stm32f3xx_hal_msp.c **** /**
  62:Src/stm32f3xx_hal_msp.c ****   * Initializes the Global MSP.
  63:Src/stm32f3xx_hal_msp.c ****   */
  64:Src/stm32f3xx_hal_msp.c **** void HAL_MspInit(void)
  65:Src/stm32f3xx_hal_msp.c **** {
  29              		.loc 1 65 1 view -0
  30              		.cfi_startproc
  31              		@ args = 0, pretend = 0, frame = 8
  32              		@ frame_needed = 0, uses_anonymous_args = 0
  33 0000 00B5     		push	{lr}
  34              	.LCFI0:
  35              		.cfi_def_cfa_offset 4
  36              		.cfi_offset 14, -4
  37 0002 83B0     		sub	sp, sp, #12
  38              	.LCFI1:
  39              		.cfi_def_cfa_offset 16
  66:Src/stm32f3xx_hal_msp.c ****   /* USER CODE BEGIN MspInit 0 */
  67:Src/stm32f3xx_hal_msp.c **** 
  68:Src/stm32f3xx_hal_msp.c ****   /* USER CODE END MspInit 0 */
  69:Src/stm32f3xx_hal_msp.c **** 
  70:Src/stm32f3xx_hal_msp.c ****   __HAL_RCC_SYSCFG_CLK_ENABLE();
  40              		.loc 1 70 3 view .LVU1
  41              	.LBB2:
  42              		.loc 1 70 3 view .LVU2
  43              		.loc 1 70 3 view .LVU3
  44 0004 0D4B     		ldr	r3, .L3
  45 0006 9A69     		ldr	r2, [r3, #24]
ARM GAS  /tmp/cc3HegYr.s 			page 3


  46 0008 42F00102 		orr	r2, r2, #1
  47 000c 9A61     		str	r2, [r3, #24]
  48              		.loc 1 70 3 view .LVU4
  49 000e 9A69     		ldr	r2, [r3, #24]
  50 0010 02F00102 		and	r2, r2, #1
  51 0014 0092     		str	r2, [sp]
  52              		.loc 1 70 3 view .LVU5
  53 0016 009A     		ldr	r2, [sp]
  54              	.LBE2:
  55              		.loc 1 70 3 view .LVU6
  71:Src/stm32f3xx_hal_msp.c ****   __HAL_RCC_PWR_CLK_ENABLE();
  56              		.loc 1 71 3 view .LVU7
  57              	.LBB3:
  58              		.loc 1 71 3 view .LVU8
  59              		.loc 1 71 3 view .LVU9
  60 0018 DA69     		ldr	r2, [r3, #28]
  61 001a 42F08052 		orr	r2, r2, #268435456
  62 001e DA61     		str	r2, [r3, #28]
  63              		.loc 1 71 3 view .LVU10
  64 0020 DB69     		ldr	r3, [r3, #28]
  65 0022 03F08053 		and	r3, r3, #268435456
  66 0026 0193     		str	r3, [sp, #4]
  67              		.loc 1 71 3 view .LVU11
  68 0028 019B     		ldr	r3, [sp, #4]
  69              	.LBE3:
  70              		.loc 1 71 3 view .LVU12
  72:Src/stm32f3xx_hal_msp.c **** 
  73:Src/stm32f3xx_hal_msp.c ****   /* System interrupt init*/
  74:Src/stm32f3xx_hal_msp.c ****   /* PendSV_IRQn interrupt configuration */
  75:Src/stm32f3xx_hal_msp.c ****   HAL_NVIC_SetPriority(PendSV_IRQn, 15, 0);
  71              		.loc 1 75 3 view .LVU13
  72 002a 0022     		movs	r2, #0
  73 002c 0F21     		movs	r1, #15
  74 002e 6FF00100 		mvn	r0, #1
  75 0032 FFF7FEFF 		bl	HAL_NVIC_SetPriority
  76              	.LVL0:
  76:Src/stm32f3xx_hal_msp.c **** 
  77:Src/stm32f3xx_hal_msp.c ****   /* USER CODE BEGIN MspInit 1 */
  78:Src/stm32f3xx_hal_msp.c **** 
  79:Src/stm32f3xx_hal_msp.c ****   /* USER CODE END MspInit 1 */
  80:Src/stm32f3xx_hal_msp.c **** }
  77              		.loc 1 80 1 is_stmt 0 view .LVU14
  78 0036 03B0     		add	sp, sp, #12
  79              	.LCFI2:
  80              		.cfi_def_cfa_offset 4
  81              		@ sp needed
  82 0038 5DF804FB 		ldr	pc, [sp], #4
  83              	.L4:
  84              		.align	2
  85              	.L3:
  86 003c 00100240 		.word	1073876992
  87              		.cfi_endproc
  88              	.LFE130:
  90              		.section	.text.HAL_UART_MspInit,"ax",%progbits
  91              		.align	1
  92              		.global	HAL_UART_MspInit
  93              		.syntax unified
ARM GAS  /tmp/cc3HegYr.s 			page 4


  94              		.thumb
  95              		.thumb_func
  96              		.fpu fpv4-sp-d16
  98              	HAL_UART_MspInit:
  99              	.LVL1:
 100              	.LFB131:
  81:Src/stm32f3xx_hal_msp.c **** 
  82:Src/stm32f3xx_hal_msp.c **** /**
  83:Src/stm32f3xx_hal_msp.c **** * @brief UART MSP Initialization
  84:Src/stm32f3xx_hal_msp.c **** * This function configures the hardware resources used in this example
  85:Src/stm32f3xx_hal_msp.c **** * @param huart: UART handle pointer
  86:Src/stm32f3xx_hal_msp.c **** * @retval None
  87:Src/stm32f3xx_hal_msp.c **** */
  88:Src/stm32f3xx_hal_msp.c **** void HAL_UART_MspInit(UART_HandleTypeDef* huart)
  89:Src/stm32f3xx_hal_msp.c **** {
 101              		.loc 1 89 1 is_stmt 1 view -0
 102              		.cfi_startproc
 103              		@ args = 0, pretend = 0, frame = 32
 104              		@ frame_needed = 0, uses_anonymous_args = 0
 105              		.loc 1 89 1 is_stmt 0 view .LVU16
 106 0000 00B5     		push	{lr}
 107              	.LCFI3:
 108              		.cfi_def_cfa_offset 4
 109              		.cfi_offset 14, -4
 110 0002 89B0     		sub	sp, sp, #36
 111              	.LCFI4:
 112              		.cfi_def_cfa_offset 40
  90:Src/stm32f3xx_hal_msp.c ****   GPIO_InitTypeDef GPIO_InitStruct = {0};
 113              		.loc 1 90 3 is_stmt 1 view .LVU17
 114              		.loc 1 90 20 is_stmt 0 view .LVU18
 115 0004 0023     		movs	r3, #0
 116 0006 0393     		str	r3, [sp, #12]
 117 0008 0493     		str	r3, [sp, #16]
 118 000a 0593     		str	r3, [sp, #20]
 119 000c 0693     		str	r3, [sp, #24]
 120 000e 0793     		str	r3, [sp, #28]
  91:Src/stm32f3xx_hal_msp.c ****   if(huart->Instance==USART2)
 121              		.loc 1 91 3 is_stmt 1 view .LVU19
 122              		.loc 1 91 11 is_stmt 0 view .LVU20
 123 0010 0268     		ldr	r2, [r0]
 124              		.loc 1 91 5 view .LVU21
 125 0012 144B     		ldr	r3, .L9
 126 0014 9A42     		cmp	r2, r3
 127 0016 02D0     		beq	.L8
 128              	.LVL2:
 129              	.L5:
  92:Src/stm32f3xx_hal_msp.c ****   {
  93:Src/stm32f3xx_hal_msp.c ****   /* USER CODE BEGIN USART2_MspInit 0 */
  94:Src/stm32f3xx_hal_msp.c **** 
  95:Src/stm32f3xx_hal_msp.c ****   /* USER CODE END USART2_MspInit 0 */
  96:Src/stm32f3xx_hal_msp.c ****     /* Peripheral clock enable */
  97:Src/stm32f3xx_hal_msp.c ****     __HAL_RCC_USART2_CLK_ENABLE();
  98:Src/stm32f3xx_hal_msp.c ****   
  99:Src/stm32f3xx_hal_msp.c ****     __HAL_RCC_GPIOA_CLK_ENABLE();
 100:Src/stm32f3xx_hal_msp.c ****     /**USART2 GPIO Configuration    
 101:Src/stm32f3xx_hal_msp.c ****     PA2     ------> USART2_TX
 102:Src/stm32f3xx_hal_msp.c ****     PA3     ------> USART2_RX 
ARM GAS  /tmp/cc3HegYr.s 			page 5


 103:Src/stm32f3xx_hal_msp.c ****     */
 104:Src/stm32f3xx_hal_msp.c ****     GPIO_InitStruct.Pin = USART_TX_Pin|USART_RX_Pin;
 105:Src/stm32f3xx_hal_msp.c ****     GPIO_InitStruct.Mode = GPIO_MODE_AF_PP;
 106:Src/stm32f3xx_hal_msp.c ****     GPIO_InitStruct.Pull = GPIO_NOPULL;
 107:Src/stm32f3xx_hal_msp.c ****     GPIO_InitStruct.Speed = GPIO_SPEED_FREQ_LOW;
 108:Src/stm32f3xx_hal_msp.c ****     GPIO_InitStruct.Alternate = GPIO_AF7_USART2;
 109:Src/stm32f3xx_hal_msp.c ****     HAL_GPIO_Init(GPIOA, &GPIO_InitStruct);
 110:Src/stm32f3xx_hal_msp.c **** 
 111:Src/stm32f3xx_hal_msp.c ****   /* USER CODE BEGIN USART2_MspInit 1 */
 112:Src/stm32f3xx_hal_msp.c **** 
 113:Src/stm32f3xx_hal_msp.c ****   /* USER CODE END USART2_MspInit 1 */
 114:Src/stm32f3xx_hal_msp.c ****   }
 115:Src/stm32f3xx_hal_msp.c **** 
 116:Src/stm32f3xx_hal_msp.c **** }
 130              		.loc 1 116 1 view .LVU22
 131 0018 09B0     		add	sp, sp, #36
 132              	.LCFI5:
 133              		.cfi_remember_state
 134              		.cfi_def_cfa_offset 4
 135              		@ sp needed
 136 001a 5DF804FB 		ldr	pc, [sp], #4
 137              	.LVL3:
 138              	.L8:
 139              	.LCFI6:
 140              		.cfi_restore_state
  97:Src/stm32f3xx_hal_msp.c ****   
 141              		.loc 1 97 5 is_stmt 1 view .LVU23
 142              	.LBB4:
  97:Src/stm32f3xx_hal_msp.c ****   
 143              		.loc 1 97 5 view .LVU24
  97:Src/stm32f3xx_hal_msp.c ****   
 144              		.loc 1 97 5 view .LVU25
 145 001e 03F5E633 		add	r3, r3, #117760
 146 0022 DA69     		ldr	r2, [r3, #28]
 147 0024 42F40032 		orr	r2, r2, #131072
 148 0028 DA61     		str	r2, [r3, #28]
  97:Src/stm32f3xx_hal_msp.c ****   
 149              		.loc 1 97 5 view .LVU26
 150 002a DA69     		ldr	r2, [r3, #28]
 151 002c 02F40032 		and	r2, r2, #131072
 152 0030 0192     		str	r2, [sp, #4]
  97:Src/stm32f3xx_hal_msp.c ****   
 153              		.loc 1 97 5 view .LVU27
 154 0032 019A     		ldr	r2, [sp, #4]
 155              	.LBE4:
  97:Src/stm32f3xx_hal_msp.c ****   
 156              		.loc 1 97 5 view .LVU28
  99:Src/stm32f3xx_hal_msp.c ****     /**USART2 GPIO Configuration    
 157              		.loc 1 99 5 view .LVU29
 158              	.LBB5:
  99:Src/stm32f3xx_hal_msp.c ****     /**USART2 GPIO Configuration    
 159              		.loc 1 99 5 view .LVU30
  99:Src/stm32f3xx_hal_msp.c ****     /**USART2 GPIO Configuration    
 160              		.loc 1 99 5 view .LVU31
 161 0034 5A69     		ldr	r2, [r3, #20]
 162 0036 42F40032 		orr	r2, r2, #131072
 163 003a 5A61     		str	r2, [r3, #20]
ARM GAS  /tmp/cc3HegYr.s 			page 6


  99:Src/stm32f3xx_hal_msp.c ****     /**USART2 GPIO Configuration    
 164              		.loc 1 99 5 view .LVU32
 165 003c 5B69     		ldr	r3, [r3, #20]
 166 003e 03F40033 		and	r3, r3, #131072
 167 0042 0293     		str	r3, [sp, #8]
  99:Src/stm32f3xx_hal_msp.c ****     /**USART2 GPIO Configuration    
 168              		.loc 1 99 5 view .LVU33
 169 0044 029B     		ldr	r3, [sp, #8]
 170              	.LBE5:
  99:Src/stm32f3xx_hal_msp.c ****     /**USART2 GPIO Configuration    
 171              		.loc 1 99 5 view .LVU34
 104:Src/stm32f3xx_hal_msp.c ****     GPIO_InitStruct.Mode = GPIO_MODE_AF_PP;
 172              		.loc 1 104 5 view .LVU35
 104:Src/stm32f3xx_hal_msp.c ****     GPIO_InitStruct.Mode = GPIO_MODE_AF_PP;
 173              		.loc 1 104 25 is_stmt 0 view .LVU36
 174 0046 0C23     		movs	r3, #12
 175 0048 0393     		str	r3, [sp, #12]
 105:Src/stm32f3xx_hal_msp.c ****     GPIO_InitStruct.Pull = GPIO_NOPULL;
 176              		.loc 1 105 5 is_stmt 1 view .LVU37
 105:Src/stm32f3xx_hal_msp.c ****     GPIO_InitStruct.Pull = GPIO_NOPULL;
 177              		.loc 1 105 26 is_stmt 0 view .LVU38
 178 004a 0223     		movs	r3, #2
 179 004c 0493     		str	r3, [sp, #16]
 106:Src/stm32f3xx_hal_msp.c ****     GPIO_InitStruct.Speed = GPIO_SPEED_FREQ_LOW;
 180              		.loc 1 106 5 is_stmt 1 view .LVU39
 106:Src/stm32f3xx_hal_msp.c ****     GPIO_InitStruct.Speed = GPIO_SPEED_FREQ_LOW;
 181              		.loc 1 106 26 is_stmt 0 view .LVU40
 182 004e 0023     		movs	r3, #0
 183 0050 0593     		str	r3, [sp, #20]
 107:Src/stm32f3xx_hal_msp.c ****     GPIO_InitStruct.Alternate = GPIO_AF7_USART2;
 184              		.loc 1 107 5 is_stmt 1 view .LVU41
 107:Src/stm32f3xx_hal_msp.c ****     GPIO_InitStruct.Alternate = GPIO_AF7_USART2;
 185              		.loc 1 107 27 is_stmt 0 view .LVU42
 186 0052 0693     		str	r3, [sp, #24]
 108:Src/stm32f3xx_hal_msp.c ****     HAL_GPIO_Init(GPIOA, &GPIO_InitStruct);
 187              		.loc 1 108 5 is_stmt 1 view .LVU43
 108:Src/stm32f3xx_hal_msp.c ****     HAL_GPIO_Init(GPIOA, &GPIO_InitStruct);
 188              		.loc 1 108 31 is_stmt 0 view .LVU44
 189 0054 0723     		movs	r3, #7
 190 0056 0793     		str	r3, [sp, #28]
 109:Src/stm32f3xx_hal_msp.c **** 
 191              		.loc 1 109 5 is_stmt 1 view .LVU45
 192 0058 03A9     		add	r1, sp, #12
 193 005a 4FF09040 		mov	r0, #1207959552
 194              	.LVL4:
 109:Src/stm32f3xx_hal_msp.c **** 
 195              		.loc 1 109 5 is_stmt 0 view .LVU46
 196 005e FFF7FEFF 		bl	HAL_GPIO_Init
 197              	.LVL5:
 198              		.loc 1 116 1 view .LVU47
 199 0062 D9E7     		b	.L5
 200              	.L10:
 201              		.align	2
 202              	.L9:
 203 0064 00440040 		.word	1073759232
 204              		.cfi_endproc
 205              	.LFE131:
ARM GAS  /tmp/cc3HegYr.s 			page 7


 207              		.section	.text.HAL_UART_MspDeInit,"ax",%progbits
 208              		.align	1
 209              		.global	HAL_UART_MspDeInit
 210              		.syntax unified
 211              		.thumb
 212              		.thumb_func
 213              		.fpu fpv4-sp-d16
 215              	HAL_UART_MspDeInit:
 216              	.LVL6:
 217              	.LFB132:
 117:Src/stm32f3xx_hal_msp.c **** 
 118:Src/stm32f3xx_hal_msp.c **** /**
 119:Src/stm32f3xx_hal_msp.c **** * @brief UART MSP De-Initialization
 120:Src/stm32f3xx_hal_msp.c **** * This function freeze the hardware resources used in this example
 121:Src/stm32f3xx_hal_msp.c **** * @param huart: UART handle pointer
 122:Src/stm32f3xx_hal_msp.c **** * @retval None
 123:Src/stm32f3xx_hal_msp.c **** */
 124:Src/stm32f3xx_hal_msp.c **** void HAL_UART_MspDeInit(UART_HandleTypeDef* huart)
 125:Src/stm32f3xx_hal_msp.c **** {
 218              		.loc 1 125 1 is_stmt 1 view -0
 219              		.cfi_startproc
 220              		@ args = 0, pretend = 0, frame = 0
 221              		@ frame_needed = 0, uses_anonymous_args = 0
 222              		.loc 1 125 1 is_stmt 0 view .LVU49
 223 0000 08B5     		push	{r3, lr}
 224              	.LCFI7:
 225              		.cfi_def_cfa_offset 8
 226              		.cfi_offset 3, -8
 227              		.cfi_offset 14, -4
 126:Src/stm32f3xx_hal_msp.c ****   if(huart->Instance==USART2)
 228              		.loc 1 126 3 is_stmt 1 view .LVU50
 229              		.loc 1 126 11 is_stmt 0 view .LVU51
 230 0002 0268     		ldr	r2, [r0]
 231              		.loc 1 126 5 view .LVU52
 232 0004 074B     		ldr	r3, .L15
 233 0006 9A42     		cmp	r2, r3
 234 0008 00D0     		beq	.L14
 235              	.LVL7:
 236              	.L11:
 127:Src/stm32f3xx_hal_msp.c ****   {
 128:Src/stm32f3xx_hal_msp.c ****   /* USER CODE BEGIN USART2_MspDeInit 0 */
 129:Src/stm32f3xx_hal_msp.c **** 
 130:Src/stm32f3xx_hal_msp.c ****   /* USER CODE END USART2_MspDeInit 0 */
 131:Src/stm32f3xx_hal_msp.c ****     /* Peripheral clock disable */
 132:Src/stm32f3xx_hal_msp.c ****     __HAL_RCC_USART2_CLK_DISABLE();
 133:Src/stm32f3xx_hal_msp.c ****   
 134:Src/stm32f3xx_hal_msp.c ****     /**USART2 GPIO Configuration    
 135:Src/stm32f3xx_hal_msp.c ****     PA2     ------> USART2_TX
 136:Src/stm32f3xx_hal_msp.c ****     PA3     ------> USART2_RX 
 137:Src/stm32f3xx_hal_msp.c ****     */
 138:Src/stm32f3xx_hal_msp.c ****     HAL_GPIO_DeInit(GPIOA, USART_TX_Pin|USART_RX_Pin);
 139:Src/stm32f3xx_hal_msp.c **** 
 140:Src/stm32f3xx_hal_msp.c ****   /* USER CODE BEGIN USART2_MspDeInit 1 */
 141:Src/stm32f3xx_hal_msp.c **** 
 142:Src/stm32f3xx_hal_msp.c ****   /* USER CODE END USART2_MspDeInit 1 */
 143:Src/stm32f3xx_hal_msp.c ****   }
 144:Src/stm32f3xx_hal_msp.c **** 
ARM GAS  /tmp/cc3HegYr.s 			page 8


 145:Src/stm32f3xx_hal_msp.c **** }
 237              		.loc 1 145 1 view .LVU53
 238 000a 08BD     		pop	{r3, pc}
 239              	.LVL8:
 240              	.L14:
 132:Src/stm32f3xx_hal_msp.c ****   
 241              		.loc 1 132 5 is_stmt 1 view .LVU54
 242 000c 064A     		ldr	r2, .L15+4
 243 000e D369     		ldr	r3, [r2, #28]
 244 0010 23F40033 		bic	r3, r3, #131072
 245 0014 D361     		str	r3, [r2, #28]
 138:Src/stm32f3xx_hal_msp.c **** 
 246              		.loc 1 138 5 view .LVU55
 247 0016 0C21     		movs	r1, #12
 248 0018 4FF09040 		mov	r0, #1207959552
 249              	.LVL9:
 138:Src/stm32f3xx_hal_msp.c **** 
 250              		.loc 1 138 5 is_stmt 0 view .LVU56
 251 001c FFF7FEFF 		bl	HAL_GPIO_DeInit
 252              	.LVL10:
 253              		.loc 1 145 1 view .LVU57
 254 0020 F3E7     		b	.L11
 255              	.L16:
 256 0022 00BF     		.align	2
 257              	.L15:
 258 0024 00440040 		.word	1073759232
 259 0028 00100240 		.word	1073876992
 260              		.cfi_endproc
 261              	.LFE132:
 263              		.text
 264              	.Letext0:
 265              		.file 2 "/usr/lib/gcc/arm-none-eabi/9.2.1/include/stdint.h"
 266              		.file 3 "Drivers/CMSIS/Include/core_cm4.h"
 267              		.file 4 "Drivers/CMSIS/Device/ST/STM32F3xx/Include/system_stm32f3xx.h"
 268              		.file 5 "Drivers/CMSIS/Device/ST/STM32F3xx/Include/stm32f303xe.h"
 269              		.file 6 "Drivers/STM32F3xx_HAL_Driver/Inc/stm32f3xx_hal_def.h"
 270              		.file 7 "Drivers/STM32F3xx_HAL_Driver/Inc/stm32f3xx_hal_gpio.h"
 271              		.file 8 "Drivers/STM32F3xx_HAL_Driver/Inc/stm32f3xx_hal_dma.h"
 272              		.file 9 "Drivers/STM32F3xx_HAL_Driver/Inc/stm32f3xx_hal_uart.h"
 273              		.file 10 "Drivers/STM32F3xx_HAL_Driver/Inc/stm32f3xx_hal.h"
 274              		.file 11 "Drivers/STM32F3xx_HAL_Driver/Inc/stm32f3xx_hal_cortex.h"
ARM GAS  /tmp/cc3HegYr.s 			page 9


DEFINED SYMBOLS
                            *ABS*:0000000000000000 stm32f3xx_hal_msp.c
     /tmp/cc3HegYr.s:18     .text.HAL_MspInit:0000000000000000 $t
     /tmp/cc3HegYr.s:26     .text.HAL_MspInit:0000000000000000 HAL_MspInit
     /tmp/cc3HegYr.s:86     .text.HAL_MspInit:000000000000003c $d
     /tmp/cc3HegYr.s:91     .text.HAL_UART_MspInit:0000000000000000 $t
     /tmp/cc3HegYr.s:98     .text.HAL_UART_MspInit:0000000000000000 HAL_UART_MspInit
     /tmp/cc3HegYr.s:203    .text.HAL_UART_MspInit:0000000000000064 $d
     /tmp/cc3HegYr.s:208    .text.HAL_UART_MspDeInit:0000000000000000 $t
     /tmp/cc3HegYr.s:215    .text.HAL_UART_MspDeInit:0000000000000000 HAL_UART_MspDeInit
     /tmp/cc3HegYr.s:258    .text.HAL_UART_MspDeInit:0000000000000024 $d

UNDEFINED SYMBOLS
HAL_NVIC_SetPriority
HAL_GPIO_Init
HAL_GPIO_DeInit
